<?xml version="1.0" encoding="UTF-8"?>
<testsuite name="com.twu.refactoring.NumberCruncherTest" tests="4" skipped="0" failures="0" errors="0" timestamp="2020-08-03T14:06:07" hostname="Clark-Machine" time="0.025">
  <properties/>
  <testcase name="shouldCountOddNumbers" classname="com.twu.refactoring.NumberCruncherTest" time="0.023"/>
  <testcase name="shouldCountPositiveNumbers" classname="com.twu.refactoring.NumberCruncherTest" time="0.0"/>
  <testcase name="shouldCountNegativeNumbers" classname="com.twu.refactoring.NumberCruncherTest" time="0.0"/>
  <testcase name="shouldCountEvenNumbers" classname="com.twu.refactoring.NumberCruncherTest" time="0.001"/>
  <system-out><![CDATA[]]></system-out>
  <system-err><![CDATA[]]></system-err>
</testsuite>
