<?xml version="1.0" encoding="UTF-8"?>
<testsuite name="com.twu.refactoring.CustomerTest" tests="1" skipped="0" failures="0" errors="0" timestamp="2020-08-03T15:23:18" hostname="Clark-Machine" time="0.004">
  <properties/>
  <testcase name="shouldOutputChangedStatement" classname="com.twu.refactoring.CustomerTest" time="0.004"/>
  <system-out><![CDATA[2
]]></system-out>
  <system-err><![CDATA[]]></system-err>
</testsuite>
