<?xml version="1.0" encoding="UTF-8"?>
<testsuite name="com.twu.refactoring.CustomerTest" tests="3" skipped="0" failures="0" errors="0" timestamp="2020-08-03T14:41:44" hostname="Clark-Machine" time="0.005">
  <properties/>
  <testcase name="shouldOutputEmptyStatement" classname="com.twu.refactoring.CustomerTest" time="0.004"/>
  <testcase name="shouldOutputCustomerStatement" classname="com.twu.refactoring.CustomerTest" time="0.0"/>
  <testcase name="shouldOutputChangedStatement" classname="com.twu.refactoring.CustomerTest" time="0.0"/>
  <system-out><![CDATA[]]></system-out>
  <system-err><![CDATA[]]></system-err>
</testsuite>
