<?xml version="1.0" encoding="UTF-8"?>
<testsuite name="com.twu.refactoring.DirectionTest" tests="3" skipped="0" failures="0" errors="0" timestamp="2020-08-03T13:57:08" hostname="Clark-Machine" time="0.003">
  <properties/>
  <testcase name="shouldTurnEastWhenTurnRightFromNorth" classname="com.twu.refactoring.DirectionTest" time="0.003"/>
  <testcase name="shouldTurnNorthWhenTurnLeftFromEast" classname="com.twu.refactoring.DirectionTest" time="0.0"/>
  <testcase name="shouldTurnWestWhenTurnLeftFromNorth" classname="com.twu.refactoring.DirectionTest" time="0.0"/>
  <system-out><![CDATA[]]></system-out>
  <system-err><![CDATA[]]></system-err>
</testsuite>
